<?xml version="1.0" encoding="UTF-8"?>
<coverage generated="1771430350687" clover="3.2.0">
  <project timestamp="1771430350688" name="All files">
    <metrics statements="126" coveredstatements="85" conditionals="56" coveredconditionals="36" methods="43" coveredmethods="19" elements="225" coveredelements="140" complexity="0" loc="126" ncloc="126" packages="4" files="20" classes="20"/>
    <package name="src">
      <metrics statements="10" coveredstatements="5" conditionals="2" coveredconditionals="0" methods="4" coveredmethods="1"/>
      <file name="App.jsx" path="C:\Users\jsevi\IdeaProjects\CopiaSeguridad\secondLoop\secondLoop\src\App.jsx">
        <metrics statements="10" coveredstatements="5" conditionals="2" coveredconditionals="0" methods="4" coveredmethods="1"/>
        <line num="12" count="2" type="stmt"/>
        <line num="13" count="2" type="stmt"/>
        <line num="14" count="2" type="stmt"/>
        <line num="16" count="2" type="stmt"/>
        <line num="17" count="0" type="stmt"/>
        <line num="18" count="0" type="cond" truecount="0" falsecount="2"/>
        <line num="19" count="0" type="stmt"/>
        <line num="22" count="0" type="stmt"/>
        <line num="23" count="0" type="stmt"/>
        <line num="27" count="2" type="stmt"/>
      </file>
      <file name="normalize.css" path="C:\Users\jsevi\IdeaProjects\CopiaSeguridad\secondLoop\secondLoop\src\normalize.css">
        <metrics statements="0" coveredstatements="0" conditionals="0" coveredconditionals="0" methods="0" coveredmethods="0"/>
      </file>
    </package>
    <package name="src.componentes">
      <metrics statements="19" coveredstatements="13" conditionals="10" coveredconditionals="8" methods="9" coveredmethods="3"/>
      <file name="DarkModeSwitch.css" path="C:\Users\jsevi\IdeaProjects\CopiaSeguridad\secondLoop\secondLoop\src\componentes\DarkModeSwitch.css">
        <metrics statements="0" coveredstatements="0" conditionals="0" coveredconditionals="0" methods="0" coveredmethods="0"/>
      </file>
      <file name="DarkModeSwitch.jsx" path="C:\Users\jsevi\IdeaProjects\CopiaSeguridad\secondLoop\secondLoop\src\componentes\DarkModeSwitch.jsx">
        <metrics statements="11" coveredstatements="11" conditionals="8" coveredconditionals="8" methods="3" coveredmethods="3"/>
        <line num="5" count="3" type="stmt"/>
        <line num="6" count="12" type="cond" truecount="2" falsecount="0"/>
        <line num="7" count="12" type="stmt"/>
        <line num="9" count="12" type="stmt"/>
        <line num="10" count="5" type="stmt"/>
        <line num="12" count="5" type="stmt"/>
        <line num="15" count="12" type="stmt"/>
        <line num="16" count="12" type="cond" truecount="2" falsecount="0"/>
        <line num="17" count="5" type="stmt"/>
        <line num="19" count="7" type="stmt"/>
        <line num="23" count="12" type="stmt"/>
      </file>
      <file name="Modal-Usuario.css" path="C:\Users\jsevi\IdeaProjects\CopiaSeguridad\secondLoop\secondLoop\src\componentes\Modal-Usuario.css">
        <metrics statements="0" coveredstatements="0" conditionals="0" coveredconditionals="0" methods="0" coveredmethods="0"/>
      </file>
      <file name="Modal-Usuario.jsx" path="C:\Users\jsevi\IdeaProjects\CopiaSeguridad\secondLoop\secondLoop\src\componentes\Modal-Usuario.jsx">
        <metrics statements="5" coveredstatements="1" conditionals="0" coveredconditionals="0" methods="4" coveredmethods="0"/>
        <line num="4" count="2" type="stmt"/>
        <line num="6" count="0" type="stmt"/>
        <line num="8" count="0" type="stmt"/>
        <line num="56" count="0" type="stmt"/>
        <line num="61" count="0" type="stmt"/>
      </file>
      <file name="Modal.css" path="C:\Users\jsevi\IdeaProjects\CopiaSeguridad\secondLoop\secondLoop\src\componentes\Modal.css">
        <metrics statements="0" coveredstatements="0" conditionals="0" coveredconditionals="0" methods="0" coveredmethods="0"/>
      </file>
      <file name="Modal.jsx" path="C:\Users\jsevi\IdeaProjects\CopiaSeguridad\secondLoop\secondLoop\src\componentes\Modal.jsx">
        <metrics statements="3" coveredstatements="1" conditionals="2" coveredconditionals="0" methods="2" coveredmethods="0"/>
        <line num="3" count="1" type="stmt"/>
        <line num="5" count="0" type="stmt"/>
        <line num="23" count="0" type="stmt"/>
      </file>
    </package>
    <package name="src.componentes.data">
      <metrics statements="2" coveredstatements="2" conditionals="0" coveredconditionals="0" methods="0" coveredmethods="0"/>
      <file name="productos.jsx" path="C:\Users\jsevi\IdeaProjects\CopiaSeguridad\secondLoop\secondLoop\src\componentes\data\productos.jsx">
        <metrics statements="1" coveredstatements="1" conditionals="0" coveredconditionals="0" methods="0" coveredmethods="0"/>
        <line num="1" count="2" type="stmt"/>
      </file>
      <file name="usuarios.jsx" path="C:\Users\jsevi\IdeaProjects\CopiaSeguridad\secondLoop\secondLoop\src\componentes\data\usuarios.jsx">
        <metrics statements="1" coveredstatements="1" conditionals="0" coveredconditionals="0" methods="0" coveredmethods="0"/>
        <line num="1" count="2" type="stmt"/>
      </file>
    </package>
    <package name="src.componentes.layout">
      <metrics statements="95" coveredstatements="65" conditionals="44" coveredconditionals="28" methods="30" coveredmethods="15"/>
      <file name="Contacto.css" path="C:\Users\jsevi\IdeaProjects\CopiaSeguridad\secondLoop\secondLoop\src\componentes\layout\Contacto.css">
        <metrics statements="0" coveredstatements="0" conditionals="0" coveredconditionals="0" methods="0" coveredmethods="0"/>
      </file>
      <file name="Contacto.jsx" path="C:\Users\jsevi\IdeaProjects\CopiaSeguridad\secondLoop\secondLoop\src\componentes\layout\Contacto.jsx">
        <metrics statements="41" coveredstatements="39" conditionals="24" coveredconditionals="22" methods="7" coveredmethods="7"/>
        <line num="5" count="2" type="stmt"/>
        <line num="6" count="275" type="stmt"/>
        <line num="7" count="275" type="stmt"/>
        <line num="8" count="275" type="stmt"/>
        <line num="9" count="275" type="stmt"/>
        <line num="10" count="275" type="stmt"/>
        <line num="12" count="275" type="stmt"/>
        <line num="19" count="275" type="stmt"/>
        <line num="20" count="260" type="cond" truecount="2" falsecount="0"/>
        <line num="21" count="54" type="stmt"/>
        <line num="23" count="260" type="cond" truecount="2" falsecount="0"/>
        <line num="24" count="79" type="stmt"/>
        <line num="26" count="260" type="cond" truecount="2" falsecount="0"/>
        <line num="27" count="39" type="stmt"/>
        <line num="29" count="260" type="cond" truecount="2" falsecount="0"/>
        <line num="30" count="88" type="stmt"/>
        <line num="34" count="275" type="stmt"/>
        <line num="35" count="6" type="stmt"/>
        <line num="37" count="6" type="stmt"/>
        <line num="38" count="6" type="stmt"/>
        <line num="39" count="6" type="stmt"/>
        <line num="40" count="6" type="stmt"/>
        <line num="42" count="6" type="cond" truecount="2" falsecount="0"/>
        <line num="43" count="2" type="stmt"/>
        <line num="44" count="2" type="stmt"/>
        <line num="47" count="4" type="cond" truecount="2" falsecount="0"/>
        <line num="48" count="1" type="stmt"/>
        <line num="49" count="1" type="stmt"/>
        <line num="52" count="3" type="cond" truecount="1" falsecount="1"/>
        <line num="53" count="0" type="stmt"/>
        <line num="54" count="0" type="stmt"/>
        <line num="57" count="3" type="cond" truecount="2" falsecount="0"/>
        <line num="58" count="1" type="stmt"/>
        <line num="59" count="1" type="stmt"/>
        <line num="62" count="2" type="cond" truecount="5" falsecount="1"/>
        <line num="63" count="2" type="stmt"/>
        <line num="67" count="275" type="stmt"/>
        <line num="88" count="54" type="stmt"/>
        <line num="99" count="79" type="stmt"/>
        <line num="110" count="39" type="stmt"/>
        <line num="121" count="88" type="stmt"/>
      </file>
      <file name="Favorito.css" path="C:\Users\jsevi\IdeaProjects\CopiaSeguridad\secondLoop\secondLoop\src\componentes\layout\Favorito.css">
        <metrics statements="0" coveredstatements="0" conditionals="0" coveredconditionals="0" methods="0" coveredmethods="0"/>
      </file>
      <file name="Favorito.jsx" path="C:\Users\jsevi\IdeaProjects\CopiaSeguridad\secondLoop\secondLoop\src\componentes\layout\Favorito.jsx">
        <metrics statements="5" coveredstatements="4" conditionals="2" coveredconditionals="1" methods="3" coveredmethods="2"/>
        <line num="5" count="1" type="stmt"/>
        <line num="7" count="2" type="stmt"/>
        <line num="8" count="32" type="stmt"/>
        <line num="10" count="2" type="stmt"/>
        <line num="23" count="0" type="stmt"/>
      </file>
      <file name="Footer.css" path="C:\Users\jsevi\IdeaProjects\CopiaSeguridad\secondLoop\secondLoop\src\componentes\layout\Footer.css">
        <metrics statements="0" coveredstatements="0" conditionals="0" coveredconditionals="0" methods="0" coveredmethods="0"/>
      </file>
      <file name="Footer.jsx" path="C:\Users\jsevi\IdeaProjects\CopiaSeguridad\secondLoop\secondLoop\src\componentes\layout\Footer.jsx">
        <metrics statements="2" coveredstatements="2" conditionals="0" coveredconditionals="0" methods="1" coveredmethods="1"/>
        <line num="3" count="1" type="stmt"/>
        <line num="4" count="2" type="stmt"/>
      </file>
      <file name="Header.css" path="C:\Users\jsevi\IdeaProjects\CopiaSeguridad\secondLoop\secondLoop\src\componentes\layout\Header.css">
        <metrics statements="0" coveredstatements="0" conditionals="0" coveredconditionals="0" methods="0" coveredmethods="0"/>
      </file>
      <file name="Header.jsx" path="C:\Users\jsevi\IdeaProjects\CopiaSeguridad\secondLoop\secondLoop\src\componentes\layout\Header.jsx">
        <metrics statements="18" coveredstatements="8" conditionals="4" coveredconditionals="1" methods="7" coveredmethods="1"/>
        <line num="8" count="2" type="stmt"/>
        <line num="10" count="3" type="stmt"/>
        <line num="11" count="3" type="stmt"/>
        <line num="12" count="3" type="stmt"/>
        <line num="14" count="3" type="stmt"/>
        <line num="15" count="0" type="cond" truecount="0" falsecount="2"/>
        <line num="16" count="0" type="stmt"/>
        <line num="18" count="0" type="stmt"/>
        <line num="19" count="0" type="stmt"/>
        <line num="21" count="0" type="stmt"/>
        <line num="25" count="3" type="stmt"/>
        <line num="26" count="0" type="stmt"/>
        <line num="27" count="0" type="stmt"/>
        <line num="28" count="0" type="stmt"/>
        <line num="31" count="3" type="stmt"/>
        <line num="32" count="0" type="stmt"/>
        <line num="35" count="3" type="stmt"/>
        <line num="52" count="0" type="stmt"/>
      </file>
      <file name="Productos.css" path="C:\Users\jsevi\IdeaProjects\CopiaSeguridad\secondLoop\secondLoop\src\componentes\layout\Productos.css">
        <metrics statements="0" coveredstatements="0" conditionals="0" coveredconditionals="0" methods="0" coveredmethods="0"/>
      </file>
      <file name="Productos.jsx" path="C:\Users\jsevi\IdeaProjects\CopiaSeguridad\secondLoop\secondLoop\src\componentes\layout\Productos.jsx">
        <metrics statements="29" coveredstatements="12" conditionals="14" coveredconditionals="4" methods="12" coveredmethods="4"/>
        <line num="7" count="1" type="stmt"/>
        <line num="8" count="2" type="stmt"/>
        <line num="9" count="2" type="stmt"/>
        <line num="10" count="2" type="stmt"/>
        <line num="12" count="2" type="stmt"/>
        <line num="13" count="32" type="cond" truecount="1" falsecount="1"/>
        <line num="15" count="32" type="cond" truecount="1" falsecount="1"/>
        <line num="18" count="2" type="stmt"/>
        <line num="19" count="0" type="stmt"/>
        <line num="20" count="0" type="stmt"/>
        <line num="22" count="0" type="cond" truecount="0" falsecount="2"/>
        <line num="23" count="0" type="stmt"/>
        <line num="25" count="0" type="stmt"/>
        <line num="26" count="0" type="cond" truecount="0" falsecount="2"/>
        <line num="27" count="0" type="stmt"/>
        <line num="30" count="0" type="stmt"/>
        <line num="34" count="2" type="stmt"/>
        <line num="35" count="0" type="stmt"/>
        <line num="36" count="0" type="stmt"/>
        <line num="38" count="0" type="stmt"/>
        <line num="39" count="0" type="cond" truecount="0" falsecount="2"/>
        <line num="40" count="0" type="stmt"/>
        <line num="44" count="0" type="stmt"/>
        <line num="47" count="2" type="stmt"/>
        <line num="48" count="0" type="stmt"/>
        <line num="51" count="2" type="stmt"/>
        <line num="176" count="32" type="stmt"/>
        <line num="178" count="0" type="stmt"/>
        <line num="183" count="0" type="stmt"/>
      </file>
    </package>
  </project>
</coverage>
