{"C:\\Users\\jsevi\\IdeaProjects\\CopiaSeguridad\\secondLoop\\secondLoop\\src\\App.jsx": {"path":"C:\\Users\\jsevi\\IdeaProjects\\CopiaSeguridad\\secondLoop\\secondLoop\\src\\App.jsx","statementMap":{"0":{"start":{"line":12,"column":32},"end":{"line":12,"column":null}},"1":{"start":{"line":13,"column":40},"end":{"line":13,"column":null}},"2":{"start":{"line":14,"column":38},"end":{"line":14,"column":null}},"3":{"start":{"line":16,"column":31},"end":{"line":25,"column":null}},"4":{"start":{"line":17,"column":12},"end":{"line":24,"column":null}},"5":{"start":{"line":18,"column":26},"end":{"line":20,"column":null}},"6":{"start":{"line":19,"column":35},"end":{"line":19,"column":46}},"7":{"start":{"line":22,"column":12},"end":{"line":22,"column":null}},"8":{"start":{"line":23,"column":12},"end":{"line":23,"column":null}},"9":{"start":{"line":27,"column":8},"end":{"line":36,"column":null}}},"fnMap":{"0":{"name":"App","decl":{"start":{"line":11,"column":9},"end":{"line":11,"column":15}},"loc":{"start":{"line":11,"column":15},"end":{"line":39,"column":null}},"line":11},"1":{"name":"(anonymous_1)","decl":{"start":{"line":16,"column":31},"end":{"line":16,"column":32}},"loc":{"start":{"line":16,"column":39},"end":{"line":25,"column":null}},"line":16},"2":{"name":"(anonymous_2)","decl":{"start":{"line":17,"column":25},"end":{"line":17,"column":33}},"loc":{"start":{"line":17,"column":33},"end":{"line":24,"column":13}},"line":17},"3":{"name":"(anonymous_3)","decl":{"start":{"line":19,"column":26},"end":{"line":19,"column":35}},"loc":{"start":{"line":19,"column":35},"end":{"line":19,"column":46}},"line":19}},"branchMap":{"0":{"loc":{"start":{"line":18,"column":26},"end":{"line":20,"column":null}},"type":"cond-expr","locations":[{"start":{"line":19,"column":14},"end":{"line":19,"column":null}},{"start":{"line":20,"column":13},"end":{"line":20,"column":null}}],"line":18}},"s":{"0":2,"1":2,"2":2,"3":2,"4":0,"5":0,"6":0,"7":0,"8":0,"9":2},"f":{"0":2,"1":0,"2":0,"3":0},"b":{"0":[0,0]},"meta":{"lastBranch":1,"lastFunction":4,"lastStatement":10,"seen":{"f:11:9:11:15":0,"s:12:32:12:Infinity":0,"s:13:40:13:Infinity":1,"s:14:38:14:Infinity":2,"s:16:31:25:Infinity":3,"f:16:31:16:32":1,"s:17:12:24:Infinity":4,"f:17:25:17:33":2,"s:18:26:20:Infinity":5,"b:19:14:19:Infinity:20:13:20:Infinity":0,"f:19:26:19:35":3,"s:19:35:19:46":6,"s:22:12:22:Infinity":7,"s:23:12:23:Infinity":8,"s:27:8:36:Infinity":9}}}
,"C:\\Users\\jsevi\\IdeaProjects\\CopiaSeguridad\\secondLoop\\secondLoop\\src\\normalize.css": {"path":"C:\\Users\\jsevi\\IdeaProjects\\CopiaSeguridad\\secondLoop\\secondLoop\\src\\normalize.css","statementMap":{},"fnMap":{},"branchMap":{},"s":{},"f":{},"b":{},"meta":{"lastBranch":0,"lastFunction":0,"lastStatement":0,"seen":{}}}
,"C:\\Users\\jsevi\\IdeaProjects\\CopiaSeguridad\\secondLoop\\secondLoop\\src\\componentes\\DarkModeSwitch.css": {"path":"C:\\Users\\jsevi\\IdeaProjects\\CopiaSeguridad\\secondLoop\\secondLoop\\src\\componentes\\DarkModeSwitch.css","statementMap":{},"fnMap":{},"branchMap":{},"s":{},"f":{},"b":{},"meta":{"lastBranch":0,"lastFunction":0,"lastStatement":0,"seen":{}}}
,"C:\\Users\\jsevi\\IdeaProjects\\CopiaSeguridad\\secondLoop\\secondLoop\\src\\componentes\\DarkModeSwitch.jsx": {"path":"C:\\Users\\jsevi\\IdeaProjects\\CopiaSeguridad\\secondLoop\\secondLoop\\src\\componentes\\DarkModeSwitch.jsx","statementMap":{"0":{"start":{"line":5,"column":23},"end":{"line":56,"column":null}},"1":{"start":{"line":6,"column":23},"end":{"line":6,"column":null}},"2":{"start":{"line":7,"column":29},"end":{"line":7,"column":null}},"3":{"start":{"line":9,"column":24},"end":{"line":13,"column":null}},"4":{"start":{"line":10,"column":2},"end":{"line":10,"column":null}},"5":{"start":{"line":12,"column":2},"end":{"line":12,"column":null}},"6":{"start":{"line":15,"column":1},"end":{"line":21,"column":null}},"7":{"start":{"line":16,"column":2},"end":{"line":20,"column":null}},"8":{"start":{"line":17,"column":3},"end":{"line":17,"column":null}},"9":{"start":{"line":19,"column":3},"end":{"line":19,"column":null}},"10":{"start":{"line":23,"column":1},"end":{"line":54,"column":null}}},"fnMap":{"0":{"name":"(anonymous_0)","decl":{"start":{"line":5,"column":23},"end":{"line":5,"column":29}},"loc":{"start":{"line":5,"column":29},"end":{"line":56,"column":null}},"line":5},"1":{"name":"(anonymous_1)","decl":{"start":{"line":9,"column":24},"end":{"line":9,"column":30}},"loc":{"start":{"line":9,"column":30},"end":{"line":13,"column":null}},"line":9},"2":{"name":"(anonymous_2)","decl":{"start":{"line":15,"column":11},"end":{"line":15,"column":17}},"loc":{"start":{"line":15,"column":17},"end":{"line":21,"column":4}},"line":15}},"branchMap":{"0":{"loc":{"start":{"line":6,"column":34},"end":{"line":6,"column":76}},"type":"binary-expr","locations":[{"start":{"line":6,"column":34},"end":{"line":6,"column":71}},{"start":{"line":6,"column":71},"end":{"line":6,"column":76}}],"line":6},"1":{"loc":{"start":{"line":16,"column":2},"end":{"line":20,"column":null}},"type":"if","locations":[{"start":{"line":16,"column":2},"end":{"line":20,"column":null}},{"start":{"line":18,"column":9},"end":{"line":20,"column":null}}],"line":16},"2":{"loc":{"start":{"line":27,"column":34},"end":{"line":27,"column":59}},"type":"cond-expr","locations":[{"start":{"line":27,"column":46},"end":{"line":27,"column":57}},{"start":{"line":27,"column":57},"end":{"line":27,"column":59}}],"line":27},"3":{"loc":{"start":{"line":40,"column":35},"end":{"line":40,"column":59}},"type":"cond-expr","locations":[{"start":{"line":40,"column":46},"end":{"line":40,"column":57}},{"start":{"line":40,"column":57},"end":{"line":40,"column":59}}],"line":40}},"s":{"0":3,"1":12,"2":12,"3":12,"4":5,"5":5,"6":12,"7":12,"8":5,"9":7,"10":12},"f":{"0":12,"1":5,"2":12},"b":{"0":[12,6],"1":[5,7],"2":[7,5],"3":[5,7]},"meta":{"lastBranch":4,"lastFunction":3,"lastStatement":11,"seen":{"s:5:23:56:Infinity":0,"f:5:23:5:29":0,"s:6:23:6:Infinity":1,"b:6:34:6:71:6:71:6:76":0,"s:7:29:7:Infinity":2,"s:9:24:13:Infinity":3,"f:9:24:9:30":1,"s:10:2:10:Infinity":4,"s:12:2:12:Infinity":5,"s:15:1:21:Infinity":6,"f:15:11:15:17":2,"b:16:2:20:Infinity:18:9:20:Infinity":1,"s:16:2:20:Infinity":7,"s:17:3:17:Infinity":8,"s:19:3:19:Infinity":9,"s:23:1:54:Infinity":10,"b:27:46:27:57:27:57:27:59":2,"b:40:46:40:57:40:57:40:59":3}}}
,"C:\\Users\\jsevi\\IdeaProjects\\CopiaSeguridad\\secondLoop\\secondLoop\\src\\componentes\\Modal-Usuario.css": {"path":"C:\\Users\\jsevi\\IdeaProjects\\CopiaSeguridad\\secondLoop\\secondLoop\\src\\componentes\\Modal-Usuario.css","statementMap":{},"fnMap":{},"branchMap":{},"s":{},"f":{},"b":{},"meta":{"lastBranch":0,"lastFunction":0,"lastStatement":0,"seen":{}}}
,"C:\\Users\\jsevi\\IdeaProjects\\CopiaSeguridad\\secondLoop\\secondLoop\\src\\componentes\\Modal-Usuario.jsx": {"path":"C:\\Users\\jsevi\\IdeaProjects\\CopiaSeguridad\\secondLoop\\secondLoop\\src\\componentes\\Modal-Usuario.jsx","statementMap":{"0":{"start":{"line":4,"column":21},"end":{"line":75,"column":null}},"1":{"start":{"line":6,"column":4},"end":{"line":73,"column":null}},"2":{"start":{"line":8,"column":54},"end":{"line":8,"column":null}},"3":{"start":{"line":56,"column":70},"end":{"line":56,"column":82}},"4":{"start":{"line":61,"column":72},"end":{"line":61,"column":84}}},"fnMap":{"0":{"name":"(anonymous_0)","decl":{"start":{"line":4,"column":21},"end":{"line":4,"column":22}},"loc":{"start":{"line":4,"column":50},"end":{"line":75,"column":null}},"line":4},"1":{"name":"(anonymous_1)","decl":{"start":{"line":8,"column":47},"end":{"line":8,"column":48}},"loc":{"start":{"line":8,"column":54},"end":{"line":8,"column":null}},"line":8},"2":{"name":"(anonymous_2)","decl":{"start":{"line":56,"column":63},"end":{"line":56,"column":69}},"loc":{"start":{"line":56,"column":69},"end":{"line":56,"column":null}},"line":56},"3":{"name":"(anonymous_3)","decl":{"start":{"line":61,"column":65},"end":{"line":61,"column":71}},"loc":{"start":{"line":61,"column":71},"end":{"line":61,"column":null}},"line":61}},"branchMap":{},"s":{"0":2,"1":0,"2":0,"3":0,"4":0},"f":{"0":0,"1":0,"2":0,"3":0},"b":{},"meta":{"lastBranch":0,"lastFunction":4,"lastStatement":5,"seen":{"s:4:21:75:Infinity":0,"f:4:21:4:22":0,"s:6:4:73:Infinity":1,"f:8:47:8:48":1,"s:8:54:8:Infinity":2,"f:56:63:56:69":2,"s:56:70:56:82":3,"f:61:65:61:71":3,"s:61:72:61:84":4}}}
,"C:\\Users\\jsevi\\IdeaProjects\\CopiaSeguridad\\secondLoop\\secondLoop\\src\\componentes\\Modal.css": {"path":"C:\\Users\\jsevi\\IdeaProjects\\CopiaSeguridad\\secondLoop\\secondLoop\\src\\componentes\\Modal.css","statementMap":{},"fnMap":{},"branchMap":{},"s":{},"f":{},"b":{},"meta":{"lastBranch":0,"lastFunction":0,"lastStatement":0,"seen":{}}}
,"C:\\Users\\jsevi\\IdeaProjects\\CopiaSeguridad\\secondLoop\\secondLoop\\src\\componentes\\Modal.jsx": {"path":"C:\\Users\\jsevi\\IdeaProjects\\CopiaSeguridad\\secondLoop\\secondLoop\\src\\componentes\\Modal.jsx","statementMap":{"0":{"start":{"line":3,"column":14},"end":{"line":48,"column":null}},"1":{"start":{"line":5,"column":1},"end":{"line":46,"column":null}},"2":{"start":{"line":23,"column":83},"end":{"line":23,"column":null}}},"fnMap":{"0":{"name":"(anonymous_0)","decl":{"start":{"line":3,"column":14},"end":{"line":3,"column":15}},"loc":{"start":{"line":3,"column":70},"end":{"line":48,"column":null}},"line":3},"1":{"name":"(anonymous_1)","decl":{"start":{"line":23,"column":77},"end":{"line":23,"column":83}},"loc":{"start":{"line":23,"column":83},"end":{"line":23,"column":null}},"line":23}},"branchMap":{"0":{"loc":{"start":{"line":24,"column":37},"end":{"line":33,"column":null}},"type":"cond-expr","locations":[{"start":{"line":25,"column":36},"end":{"line":28,"column":null}},{"start":{"line":30,"column":40},"end":{"line":33,"column":null}}],"line":24}},"s":{"0":1,"1":0,"2":0},"f":{"0":0,"1":0},"b":{"0":[0,0]},"meta":{"lastBranch":1,"lastFunction":2,"lastStatement":3,"seen":{"s:3:14:48:Infinity":0,"f:3:14:3:15":0,"s:5:1:46:Infinity":1,"f:23:77:23:83":1,"s:23:83:23:Infinity":2,"b:25:36:28:Infinity:30:40:33:Infinity":0}}}
,"C:\\Users\\jsevi\\IdeaProjects\\CopiaSeguridad\\secondLoop\\secondLoop\\src\\componentes\\data\\productos.jsx": {"path":"C:\\Users\\jsevi\\IdeaProjects\\CopiaSeguridad\\secondLoop\\secondLoop\\src\\componentes\\data\\productos.jsx","statementMap":{"0":{"start":{"line":1,"column":18},"end":{"line":641,"column":null}}},"fnMap":{},"branchMap":{},"s":{"0":2},"f":{},"b":{},"meta":{"lastBranch":0,"lastFunction":0,"lastStatement":1,"seen":{"s:1:18:641:Infinity":0}}}
,"C:\\Users\\jsevi\\IdeaProjects\\CopiaSeguridad\\secondLoop\\secondLoop\\src\\componentes\\data\\usuarios.jsx": {"path":"C:\\Users\\jsevi\\IdeaProjects\\CopiaSeguridad\\secondLoop\\secondLoop\\src\\componentes\\data\\usuarios.jsx","statementMap":{"0":{"start":{"line":1,"column":17},"end":{"line":18,"column":null}}},"fnMap":{},"branchMap":{},"s":{"0":2},"f":{},"b":{},"meta":{"lastBranch":0,"lastFunction":0,"lastStatement":1,"seen":{"s:1:17:18:Infinity":0}}}
,"C:\\Users\\jsevi\\IdeaProjects\\CopiaSeguridad\\secondLoop\\secondLoop\\src\\componentes\\layout\\Contacto.css": {"path":"C:\\Users\\jsevi\\IdeaProjects\\CopiaSeguridad\\secondLoop\\secondLoop\\src\\componentes\\layout\\Contacto.css","statementMap":{},"fnMap":{},"branchMap":{},"s":{},"f":{},"b":{},"meta":{"lastBranch":0,"lastFunction":0,"lastStatement":0,"seen":{}}}
,"C:\\Users\\jsevi\\IdeaProjects\\CopiaSeguridad\\secondLoop\\secondLoop\\src\\componentes\\layout\\Contacto.jsx": {"path":"C:\\Users\\jsevi\\IdeaProjects\\CopiaSeguridad\\secondLoop\\secondLoop\\src\\componentes\\layout\\Contacto.jsx","statementMap":{"0":{"start":{"line":5,"column":17},"end":{"line":151,"column":null}},"1":{"start":{"line":6,"column":25},"end":{"line":6,"column":null}},"2":{"start":{"line":7,"column":25},"end":{"line":7,"column":null}},"3":{"start":{"line":8,"column":32},"end":{"line":8,"column":null}},"4":{"start":{"line":9,"column":27},"end":{"line":9,"column":null}},"5":{"start":{"line":10,"column":23},"end":{"line":10,"column":null}},"6":{"start":{"line":12,"column":15},"end":{"line":17,"column":null}},"7":{"start":{"line":19,"column":21},"end":{"line":32,"column":null}},"8":{"start":{"line":20,"column":2},"end":{"line":22,"column":null}},"9":{"start":{"line":21,"column":3},"end":{"line":21,"column":null}},"10":{"start":{"line":23,"column":2},"end":{"line":25,"column":null}},"11":{"start":{"line":24,"column":3},"end":{"line":24,"column":null}},"12":{"start":{"line":26,"column":8},"end":{"line":28,"column":null}},"13":{"start":{"line":27,"column":12},"end":{"line":27,"column":null}},"14":{"start":{"line":29,"column":2},"end":{"line":31,"column":null}},"15":{"start":{"line":30,"column":3},"end":{"line":30,"column":null}},"16":{"start":{"line":34,"column":22},"end":{"line":65,"column":null}},"17":{"start":{"line":35,"column":2},"end":{"line":35,"column":null}},"18":{"start":{"line":37,"column":23},"end":{"line":37,"column":null}},"19":{"start":{"line":38,"column":23},"end":{"line":38,"column":null}},"20":{"start":{"line":39,"column":31},"end":{"line":39,"column":null}},"21":{"start":{"line":40,"column":24},"end":{"line":40,"column":null}},"22":{"start":{"line":42,"column":2},"end":{"line":45,"column":null}},"23":{"start":{"line":43,"column":3},"end":{"line":43,"column":null}},"24":{"start":{"line":44,"column":3},"end":{"line":44,"column":null}},"25":{"start":{"line":47,"column":2},"end":{"line":50,"column":null}},"26":{"start":{"line":48,"column":3},"end":{"line":48,"column":null}},"27":{"start":{"line":49,"column":3},"end":{"line":49,"column":null}},"28":{"start":{"line":52,"column":8},"end":{"line":55,"column":null}},"29":{"start":{"line":53,"column":12},"end":{"line":53,"column":null}},"30":{"start":{"line":54,"column":12},"end":{"line":54,"column":null}},"31":{"start":{"line":57,"column":2},"end":{"line":60,"column":null}},"32":{"start":{"line":58,"column":3},"end":{"line":58,"column":null}},"33":{"start":{"line":59,"column":3},"end":{"line":59,"column":null}},"34":{"start":{"line":62,"column":2},"end":{"line":64,"column":null}},"35":{"start":{"line":63,"column":3},"end":{"line":63,"column":null}},"36":{"start":{"line":67,"column":1},"end":{"line":149,"column":null}},"37":{"start":{"line":88,"column":24},"end":{"line":88,"column":null}},"38":{"start":{"line":99,"column":24},"end":{"line":99,"column":null}},"39":{"start":{"line":110,"column":45},"end":{"line":110,"column":null}},"40":{"start":{"line":121,"column":24},"end":{"line":121,"column":null}}},"fnMap":{"0":{"name":"(anonymous_0)","decl":{"start":{"line":5,"column":17},"end":{"line":5,"column":23}},"loc":{"start":{"line":5,"column":23},"end":{"line":151,"column":null}},"line":5},"1":{"name":"(anonymous_1)","decl":{"start":{"line":19,"column":21},"end":{"line":19,"column":22}},"loc":{"start":{"line":19,"column":35},"end":{"line":32,"column":null}},"line":19},"2":{"name":"(anonymous_2)","decl":{"start":{"line":34,"column":22},"end":{"line":34,"column":23}},"loc":{"start":{"line":34,"column":29},"end":{"line":65,"column":null}},"line":34},"3":{"name":"(anonymous_3)","decl":{"start":{"line":88,"column":17},"end":{"line":88,"column":18}},"loc":{"start":{"line":88,"column":24},"end":{"line":88,"column":null}},"line":88},"4":{"name":"(anonymous_4)","decl":{"start":{"line":99,"column":17},"end":{"line":99,"column":18}},"loc":{"start":{"line":99,"column":24},"end":{"line":99,"column":null}},"line":99},"5":{"name":"(anonymous_5)","decl":{"start":{"line":110,"column":38},"end":{"line":110,"column":39}},"loc":{"start":{"line":110,"column":45},"end":{"line":110,"column":null}},"line":110},"6":{"name":"(anonymous_6)","decl":{"start":{"line":121,"column":17},"end":{"line":121,"column":18}},"loc":{"start":{"line":121,"column":24},"end":{"line":121,"column":null}},"line":121}},"branchMap":{"0":{"loc":{"start":{"line":20,"column":2},"end":{"line":22,"column":null}},"type":"if","locations":[{"start":{"line":20,"column":2},"end":{"line":22,"column":null}},{"start":{},"end":{}}],"line":20},"1":{"loc":{"start":{"line":23,"column":2},"end":{"line":25,"column":null}},"type":"if","locations":[{"start":{"line":23,"column":2},"end":{"line":25,"column":null}},{"start":{},"end":{}}],"line":23},"2":{"loc":{"start":{"line":26,"column":8},"end":{"line":28,"column":null}},"type":"if","locations":[{"start":{"line":26,"column":8},"end":{"line":28,"column":null}},{"start":{},"end":{}}],"line":26},"3":{"loc":{"start":{"line":29,"column":2},"end":{"line":31,"column":null}},"type":"if","locations":[{"start":{"line":29,"column":2},"end":{"line":31,"column":null}},{"start":{},"end":{}}],"line":29},"4":{"loc":{"start":{"line":42,"column":2},"end":{"line":45,"column":null}},"type":"if","locations":[{"start":{"line":42,"column":2},"end":{"line":45,"column":null}},{"start":{},"end":{}}],"line":42},"5":{"loc":{"start":{"line":47,"column":2},"end":{"line":50,"column":null}},"type":"if","locations":[{"start":{"line":47,"column":2},"end":{"line":50,"column":null}},{"start":{},"end":{}}],"line":47},"6":{"loc":{"start":{"line":52,"column":8},"end":{"line":55,"column":null}},"type":"if","locations":[{"start":{"line":52,"column":8},"end":{"line":55,"column":null}},{"start":{},"end":{}}],"line":52},"7":{"loc":{"start":{"line":57,"column":2},"end":{"line":60,"column":null}},"type":"if","locations":[{"start":{"line":57,"column":2},"end":{"line":60,"column":null}},{"start":{},"end":{}}],"line":57},"8":{"loc":{"start":{"line":62,"column":2},"end":{"line":64,"column":null}},"type":"if","locations":[{"start":{"line":62,"column":2},"end":{"line":64,"column":null}},{"start":{},"end":{}}],"line":62},"9":{"loc":{"start":{"line":62,"column":6},"end":{"line":62,"column":71}},"type":"binary-expr","locations":[{"start":{"line":62,"column":6},"end":{"line":62,"column":22}},{"start":{"line":62,"column":22},"end":{"line":62,"column":38}},{"start":{"line":62,"column":38},"end":{"line":62,"column":56}},{"start":{"line":62,"column":56},"end":{"line":62,"column":71}}],"line":62},"10":{"loc":{"start":{"line":124,"column":6},"end":{"line":127,"column":null}},"type":"binary-expr","locations":[{"start":{"line":124,"column":6},"end":{"line":124,"column":null}},{"start":{"line":125,"column":6},"end":{"line":127,"column":null}}],"line":124}},"s":{"0":2,"1":275,"2":275,"3":275,"4":275,"5":275,"6":275,"7":275,"8":260,"9":54,"10":260,"11":79,"12":260,"13":39,"14":260,"15":88,"16":275,"17":6,"18":6,"19":6,"20":6,"21":6,"22":6,"23":2,"24":2,"25":4,"26":1,"27":1,"28":3,"29":0,"30":0,"31":3,"32":1,"33":1,"34":2,"35":2,"36":275,"37":54,"38":79,"39":39,"40":88},"f":{"0":275,"1":260,"2":6,"3":54,"4":79,"5":39,"6":88},"b":{"0":[54,206],"1":[79,181],"2":[39,221],"3":[88,172],"4":[2,4],"5":[1,3],"6":[0,3],"7":[1,2],"8":[2,0],"9":[2,2,2,2],"10":[275,74]},"meta":{"lastBranch":11,"lastFunction":7,"lastStatement":41,"seen":{"s:5:17:151:Infinity":0,"f:5:17:5:23":0,"s:6:25:6:Infinity":1,"s:7:25:7:Infinity":2,"s:8:32:8:Infinity":3,"s:9:27:9:Infinity":4,"s:10:23:10:Infinity":5,"s:12:15:17:Infinity":6,"s:19:21:32:Infinity":7,"f:19:21:19:22":1,"b:20:2:22:Infinity:undefined:undefined:undefined:undefined":0,"s:20:2:22:Infinity":8,"s:21:3:21:Infinity":9,"b:23:2:25:Infinity:undefined:undefined:undefined:undefined":1,"s:23:2:25:Infinity":10,"s:24:3:24:Infinity":11,"b:26:8:28:Infinity:undefined:undefined:undefined:undefined":2,"s:26:8:28:Infinity":12,"s:27:12:27:Infinity":13,"b:29:2:31:Infinity:undefined:undefined:undefined:undefined":3,"s:29:2:31:Infinity":14,"s:30:3:30:Infinity":15,"s:34:22:65:Infinity":16,"f:34:22:34:23":2,"s:35:2:35:Infinity":17,"s:37:23:37:Infinity":18,"s:38:23:38:Infinity":19,"s:39:31:39:Infinity":20,"s:40:24:40:Infinity":21,"b:42:2:45:Infinity:undefined:undefined:undefined:undefined":4,"s:42:2:45:Infinity":22,"s:43:3:43:Infinity":23,"s:44:3:44:Infinity":24,"b:47:2:50:Infinity:undefined:undefined:undefined:undefined":5,"s:47:2:50:Infinity":25,"s:48:3:48:Infinity":26,"s:49:3:49:Infinity":27,"b:52:8:55:Infinity:undefined:undefined:undefined:undefined":6,"s:52:8:55:Infinity":28,"s:53:12:53:Infinity":29,"s:54:12:54:Infinity":30,"b:57:2:60:Infinity:undefined:undefined:undefined:undefined":7,"s:57:2:60:Infinity":31,"s:58:3:58:Infinity":32,"s:59:3:59:Infinity":33,"b:62:2:64:Infinity:undefined:undefined:undefined:undefined":8,"s:62:2:64:Infinity":34,"b:62:6:62:22:62:22:62:38:62:38:62:56:62:56:62:71":9,"s:63:3:63:Infinity":35,"s:67:1:149:Infinity":36,"f:88:17:88:18":3,"s:88:24:88:Infinity":37,"f:99:17:99:18":4,"s:99:24:99:Infinity":38,"f:110:38:110:39":5,"s:110:45:110:Infinity":39,"f:121:17:121:18":6,"s:121:24:121:Infinity":40,"b:124:6:124:Infinity:125:6:127:Infinity":10}}}
,"C:\\Users\\jsevi\\IdeaProjects\\CopiaSeguridad\\secondLoop\\secondLoop\\src\\componentes\\layout\\Favorito.css": {"path":"C:\\Users\\jsevi\\IdeaProjects\\CopiaSeguridad\\secondLoop\\secondLoop\\src\\componentes\\layout\\Favorito.css","statementMap":{},"fnMap":{},"branchMap":{},"s":{},"f":{},"b":{},"meta":{"lastBranch":0,"lastFunction":0,"lastStatement":0,"seen":{}}}
,"C:\\Users\\jsevi\\IdeaProjects\\CopiaSeguridad\\secondLoop\\secondLoop\\src\\componentes\\layout\\Favorito.jsx": {"path":"C:\\Users\\jsevi\\IdeaProjects\\CopiaSeguridad\\secondLoop\\secondLoop\\src\\componentes\\layout\\Favorito.jsx","statementMap":{"0":{"start":{"line":5,"column":17},"end":{"line":54,"column":null}},"1":{"start":{"line":7,"column":31},"end":{"line":9,"column":null}},"2":{"start":{"line":8,"column":8},"end":{"line":8,"column":null}},"3":{"start":{"line":10,"column":4},"end":{"line":52,"column":null}},"4":{"start":{"line":23,"column":24},"end":{"line":42,"column":null}}},"fnMap":{"0":{"name":"(anonymous_0)","decl":{"start":{"line":5,"column":17},"end":{"line":5,"column":18}},"loc":{"start":{"line":5,"column":34},"end":{"line":54,"column":null}},"line":5},"1":{"name":"(anonymous_1)","decl":{"start":{"line":7,"column":48},"end":{"line":7,"column":null}},"loc":{"start":{"line":8,"column":8},"end":{"line":8,"column":null}},"line":8},"2":{"name":"(anonymous_2)","decl":{"start":{"line":22,"column":43},"end":{"line":22,"column":null}},"loc":{"start":{"line":23,"column":24},"end":{"line":42,"column":null}},"line":23}},"branchMap":{"0":{"loc":{"start":{"line":17,"column":21},"end":{"line":43,"column":null}},"type":"cond-expr","locations":[{"start":{"line":18,"column":20},"end":{"line":20,"column":null}},{"start":{"line":22,"column":20},"end":{"line":43,"column":null}}],"line":17}},"s":{"0":1,"1":2,"2":32,"3":2,"4":0},"f":{"0":2,"1":32,"2":0},"b":{"0":[2,0]},"meta":{"lastBranch":1,"lastFunction":3,"lastStatement":5,"seen":{"s:5:17:54:Infinity":0,"f:5:17:5:18":0,"s:7:31:9:Infinity":1,"f:7:48:7:Infinity":1,"s:8:8:8:Infinity":2,"s:10:4:52:Infinity":3,"b:18:20:20:Infinity:22:20:43:Infinity":0,"f:22:43:22:Infinity":2,"s:23:24:42:Infinity":4}}}
,"C:\\Users\\jsevi\\IdeaProjects\\CopiaSeguridad\\secondLoop\\secondLoop\\src\\componentes\\layout\\Footer.css": {"path":"C:\\Users\\jsevi\\IdeaProjects\\CopiaSeguridad\\secondLoop\\secondLoop\\src\\componentes\\layout\\Footer.css","statementMap":{},"fnMap":{},"branchMap":{},"s":{},"f":{},"b":{},"meta":{"lastBranch":0,"lastFunction":0,"lastStatement":0,"seen":{}}}
,"C:\\Users\\jsevi\\IdeaProjects\\CopiaSeguridad\\secondLoop\\secondLoop\\src\\componentes\\layout\\Footer.jsx": {"path":"C:\\Users\\jsevi\\IdeaProjects\\CopiaSeguridad\\secondLoop\\secondLoop\\src\\componentes\\layout\\Footer.jsx","statementMap":{"0":{"start":{"line":3,"column":15},"end":{"line":20,"column":null}},"1":{"start":{"line":4,"column":4},"end":{"line":18,"column":null}}},"fnMap":{"0":{"name":"(anonymous_0)","decl":{"start":{"line":3,"column":15},"end":{"line":3,"column":21}},"loc":{"start":{"line":3,"column":21},"end":{"line":20,"column":null}},"line":3}},"branchMap":{},"s":{"0":1,"1":2},"f":{"0":2},"b":{},"meta":{"lastBranch":0,"lastFunction":1,"lastStatement":2,"seen":{"s:3:15:20:Infinity":0,"f:3:15:3:21":0,"s:4:4:18:Infinity":1}}}
,"C:\\Users\\jsevi\\IdeaProjects\\CopiaSeguridad\\secondLoop\\secondLoop\\src\\componentes\\layout\\Header.css": {"path":"C:\\Users\\jsevi\\IdeaProjects\\CopiaSeguridad\\secondLoop\\secondLoop\\src\\componentes\\layout\\Header.css","statementMap":{},"fnMap":{},"branchMap":{},"s":{},"f":{},"b":{},"meta":{"lastBranch":0,"lastFunction":0,"lastStatement":0,"seen":{}}}
,"C:\\Users\\jsevi\\IdeaProjects\\CopiaSeguridad\\secondLoop\\secondLoop\\src\\componentes\\layout\\Header.jsx": {"path":"C:\\Users\\jsevi\\IdeaProjects\\CopiaSeguridad\\secondLoop\\secondLoop\\src\\componentes\\layout\\Header.jsx","statementMap":{"0":{"start":{"line":8,"column":14},"end":{"line":62,"column":null}},"1":{"start":{"line":10,"column":56},"end":{"line":10,"column":null}},"2":{"start":{"line":11,"column":58},"end":{"line":11,"column":null}},"3":{"start":{"line":12,"column":29},"end":{"line":12,"column":null}},"4":{"start":{"line":12,"column":36},"end":{"line":12,"column":null}},"5":{"start":{"line":14,"column":31},"end":{"line":23,"column":null}},"6":{"start":{"line":15,"column":12},"end":{"line":22,"column":null}},"7":{"start":{"line":16,"column":16},"end":{"line":16,"column":null}},"8":{"start":{"line":18,"column":30},"end":{"line":20,"column":null}},"9":{"start":{"line":19,"column":16},"end":{"line":19,"column":null}},"10":{"start":{"line":21,"column":12},"end":{"line":21,"column":null}},"11":{"start":{"line":25,"column":33},"end":{"line":29,"column":null}},"12":{"start":{"line":26,"column":12},"end":{"line":26,"column":null}},"13":{"start":{"line":27,"column":12},"end":{"line":27,"column":null}},"14":{"start":{"line":28,"column":12},"end":{"line":28,"column":null}},"15":{"start":{"line":31,"column":34},"end":{"line":33,"column":null}},"16":{"start":{"line":32,"column":12},"end":{"line":32,"column":null}},"17":{"start":{"line":35,"column":4},"end":{"line":60,"column":null}},"18":{"start":{"line":52,"column":61},"end":{"line":52,"column":null}}},"fnMap":{"0":{"name":"(anonymous_0)","decl":{"start":{"line":8,"column":14},"end":{"line":8,"column":15}},"loc":{"start":{"line":8,"column":53},"end":{"line":62,"column":null}},"line":8},"1":{"name":"(anonymous_1)","decl":{"start":{"line":12,"column":29},"end":{"line":12,"column":30}},"loc":{"start":{"line":12,"column":36},"end":{"line":12,"column":null}},"line":12},"2":{"name":"(anonymous_2)","decl":{"start":{"line":14,"column":31},"end":{"line":14,"column":32}},"loc":{"start":{"line":14,"column":38},"end":{"line":23,"column":null}},"line":14},"3":{"name":"(anonymous_3)","decl":{"start":{"line":18,"column":47},"end":{"line":18,"column":null}},"loc":{"start":{"line":19,"column":16},"end":{"line":19,"column":null}},"line":19},"4":{"name":"(anonymous_4)","decl":{"start":{"line":25,"column":33},"end":{"line":25,"column":34}},"loc":{"start":{"line":25,"column":49},"end":{"line":29,"column":null}},"line":25},"5":{"name":"(anonymous_5)","decl":{"start":{"line":31,"column":34},"end":{"line":31,"column":40}},"loc":{"start":{"line":31,"column":40},"end":{"line":33,"column":null}},"line":31},"6":{"name":"(anonymous_6)","decl":{"start":{"line":52,"column":54},"end":{"line":52,"column":55}},"loc":{"start":{"line":52,"column":61},"end":{"line":52,"column":null}},"line":52}},"branchMap":{"0":{"loc":{"start":{"line":15,"column":12},"end":{"line":22,"column":null}},"type":"if","locations":[{"start":{"line":15,"column":12},"end":{"line":22,"column":null}},{"start":{},"end":{}}],"line":15},"1":{"loc":{"start":{"line":59,"column":13},"end":{"line":59,"column":null}},"type":"binary-expr","locations":[{"start":{"line":59,"column":13},"end":{"line":59,"column":35}},{"start":{"line":59,"column":35},"end":{"line":59,"column":null}}],"line":59}},"s":{"0":2,"1":3,"2":3,"3":3,"4":0,"5":3,"6":0,"7":0,"8":0,"9":0,"10":0,"11":3,"12":0,"13":0,"14":0,"15":3,"16":0,"17":3,"18":0},"f":{"0":3,"1":0,"2":0,"3":0,"4":0,"5":0,"6":0},"b":{"0":[0,0],"1":[3,0]},"meta":{"lastBranch":2,"lastFunction":7,"lastStatement":19,"seen":{"s:8:14:62:Infinity":0,"f:8:14:8:15":0,"s:10:56:10:Infinity":1,"s:11:58:11:Infinity":2,"s:12:29:12:Infinity":3,"f:12:29:12:30":1,"s:12:36:12:Infinity":4,"s:14:31:23:Infinity":5,"f:14:31:14:32":2,"b:15:12:22:Infinity:undefined:undefined:undefined:undefined":0,"s:15:12:22:Infinity":6,"s:16:16:16:Infinity":7,"s:18:30:20:Infinity":8,"f:18:47:18:Infinity":3,"s:19:16:19:Infinity":9,"s:21:12:21:Infinity":10,"s:25:33:29:Infinity":11,"f:25:33:25:34":4,"s:26:12:26:Infinity":12,"s:27:12:27:Infinity":13,"s:28:12:28:Infinity":14,"s:31:34:33:Infinity":15,"f:31:34:31:40":5,"s:32:12:32:Infinity":16,"s:35:4:60:Infinity":17,"f:52:54:52:55":6,"s:52:61:52:Infinity":18,"b:59:13:59:35:59:35:59:Infinity":1}}}
,"C:\\Users\\jsevi\\IdeaProjects\\CopiaSeguridad\\secondLoop\\secondLoop\\src\\componentes\\layout\\Productos.css": {"path":"C:\\Users\\jsevi\\IdeaProjects\\CopiaSeguridad\\secondLoop\\secondLoop\\src\\componentes\\layout\\Productos.css","statementMap":{},"fnMap":{},"branchMap":{},"s":{},"f":{},"b":{},"meta":{"lastBranch":0,"lastFunction":0,"lastStatement":0,"seen":{}}}
,"C:\\Users\\jsevi\\IdeaProjects\\CopiaSeguridad\\secondLoop\\secondLoop\\src\\componentes\\layout\\Productos.jsx": {"path":"C:\\Users\\jsevi\\IdeaProjects\\CopiaSeguridad\\secondLoop\\secondLoop\\src\\componentes\\layout\\Productos.jsx","statementMap":{"0":{"start":{"line":7,"column":18},"end":{"line":206,"column":null}},"1":{"start":{"line":8,"column":53},"end":{"line":8,"column":null}},"2":{"start":{"line":9,"column":35},"end":{"line":9,"column":null}},"3":{"start":{"line":10,"column":49},"end":{"line":10,"column":null}},"4":{"start":{"line":12,"column":18},"end":{"line":16,"column":null}},"5":{"start":{"line":13,"column":30},"end":{"line":13,"column":109}},"6":{"start":{"line":15,"column":12},"end":{"line":15,"column":null}},"7":{"start":{"line":15,"column":59},"end":{"line":15,"column":79}},"8":{"start":{"line":18,"column":22},"end":{"line":32,"column":null}},"9":{"start":{"line":19,"column":20},"end":{"line":19,"column":null}},"10":{"start":{"line":20,"column":2},"end":{"line":20,"column":null}},"11":{"start":{"line":22,"column":2},"end":{"line":31,"column":null}},"12":{"start":{"line":23,"column":3},"end":{"line":23,"column":null}},"13":{"start":{"line":25,"column":26},"end":{"line":29,"column":null}},"14":{"start":{"line":26,"column":4},"end":{"line":28,"column":null}},"15":{"start":{"line":27,"column":5},"end":{"line":27,"column":null}},"16":{"start":{"line":30,"column":3},"end":{"line":30,"column":null}},"17":{"start":{"line":34,"column":19},"end":{"line":45,"column":null}},"18":{"start":{"line":35,"column":2},"end":{"line":35,"column":null}},"19":{"start":{"line":36,"column":2},"end":{"line":36,"column":null}},"20":{"start":{"line":38,"column":18},"end":{"line":42,"column":null}},"21":{"start":{"line":39,"column":3},"end":{"line":41,"column":null}},"22":{"start":{"line":40,"column":4},"end":{"line":40,"column":null}},"23":{"start":{"line":44,"column":2},"end":{"line":44,"column":null}},"24":{"start":{"line":47,"column":20},"end":{"line":49,"column":null}},"25":{"start":{"line":48,"column":2},"end":{"line":48,"column":null}},"26":{"start":{"line":51,"column":1},"end":{"line":204,"column":null}},"27":{"start":{"line":176,"column":6},"end":{"line":196,"column":null}},"28":{"start":{"line":178,"column":54},"end":{"line":178,"column":null}},"29":{"start":{"line":183,"column":57},"end":{"line":183,"column":null}}},"fnMap":{"0":{"name":"(anonymous_0)","decl":{"start":{"line":7,"column":18},"end":{"line":7,"column":19}},"loc":{"start":{"line":7,"column":63},"end":{"line":206,"column":null}},"line":7},"1":{"name":"(anonymous_1)","decl":{"start":{"line":13,"column":16},"end":{"line":13,"column":17}},"loc":{"start":{"line":13,"column":30},"end":{"line":13,"column":109}},"line":13},"2":{"name":"(anonymous_2)","decl":{"start":{"line":14,"column":16},"end":{"line":14,"column":17}},"loc":{"start":{"line":15,"column":12},"end":{"line":15,"column":null}},"line":15},"3":{"name":"(anonymous_3)","decl":{"start":{"line":15,"column":52},"end":{"line":15,"column":53}},"loc":{"start":{"line":15,"column":59},"end":{"line":15,"column":79}},"line":15},"4":{"name":"(anonymous_4)","decl":{"start":{"line":18,"column":22},"end":{"line":18,"column":23}},"loc":{"start":{"line":18,"column":29},"end":{"line":32,"column":null}},"line":18},"5":{"name":"(anonymous_5)","decl":{"start":{"line":25,"column":43},"end":{"line":25,"column":44}},"loc":{"start":{"line":25,"column":56},"end":{"line":29,"column":4}},"line":25},"6":{"name":"(anonymous_6)","decl":{"start":{"line":34,"column":19},"end":{"line":34,"column":20}},"loc":{"start":{"line":34,"column":30},"end":{"line":45,"column":null}},"line":34},"7":{"name":"(anonymous_7)","decl":{"start":{"line":38,"column":33},"end":{"line":38,"column":34}},"loc":{"start":{"line":38,"column":46},"end":{"line":42,"column":3}},"line":38},"8":{"name":"(anonymous_8)","decl":{"start":{"line":47,"column":20},"end":{"line":47,"column":26}},"loc":{"start":{"line":47,"column":26},"end":{"line":49,"column":null}},"line":47},"9":{"name":"(anonymous_9)","decl":{"start":{"line":175,"column":34},"end":{"line":175,"column":35}},"loc":{"start":{"line":175,"column":47},"end":{"line":198,"column":6}},"line":175},"10":{"name":"(anonymous_10)","decl":{"start":{"line":178,"column":47},"end":{"line":178,"column":48}},"loc":{"start":{"line":178,"column":54},"end":{"line":178,"column":null}},"line":178},"11":{"name":"(anonymous_11)","decl":{"start":{"line":183,"column":50},"end":{"line":183,"column":51}},"loc":{"start":{"line":183,"column":57},"end":{"line":183,"column":null}},"line":183}},"branchMap":{"0":{"loc":{"start":{"line":13,"column":30},"end":{"line":13,"column":109}},"type":"binary-expr","locations":[{"start":{"line":13,"column":30},"end":{"line":13,"column":66}},{"start":{"line":13,"column":66},"end":{"line":13,"column":109}}],"line":13},"1":{"loc":{"start":{"line":15,"column":12},"end":{"line":15,"column":null}},"type":"cond-expr","locations":[{"start":{"line":15,"column":36},"end":{"line":15,"column":83}},{"start":{"line":15,"column":83},"end":{"line":15,"column":null}}],"line":15},"2":{"loc":{"start":{"line":22,"column":2},"end":{"line":31,"column":null}},"type":"if","locations":[{"start":{"line":22,"column":2},"end":{"line":31,"column":null}},{"start":{"line":24,"column":9},"end":{"line":31,"column":null}}],"line":22},"3":{"loc":{"start":{"line":26,"column":4},"end":{"line":28,"column":null}},"type":"if","locations":[{"start":{"line":26,"column":4},"end":{"line":28,"column":null}},{"start":{},"end":{}}],"line":26},"4":{"loc":{"start":{"line":39,"column":3},"end":{"line":41,"column":null}},"type":"if","locations":[{"start":{"line":39,"column":3},"end":{"line":41,"column":null}},{"start":{},"end":{}}],"line":39},"5":{"loc":{"start":{"line":170,"column":6},"end":{"line":198,"column":null}},"type":"cond-expr","locations":[{"start":{"line":171,"column":24},"end":{"line":173,"column":null}},{"start":{"line":175,"column":24},"end":{"line":198,"column":null}}],"line":170},"6":{"loc":{"start":{"line":203,"column":4},"end":{"line":203,"column":null}},"type":"binary-expr","locations":[{"start":{"line":203,"column":4},"end":{"line":203,"column":19}},{"start":{"line":203,"column":19},"end":{"line":203,"column":null}}],"line":203}},"s":{"0":1,"1":2,"2":2,"3":2,"4":2,"5":32,"6":32,"7":0,"8":2,"9":0,"10":0,"11":0,"12":0,"13":0,"14":0,"15":0,"16":0,"17":2,"18":0,"19":0,"20":0,"21":0,"22":0,"23":0,"24":2,"25":0,"26":2,"27":32,"28":0,"29":0},"f":{"0":2,"1":32,"2":32,"3":0,"4":0,"5":0,"6":0,"7":0,"8":0,"9":32,"10":0,"11":0},"b":{"0":[32,0],"1":[0,32],"2":[0,0],"3":[0,0],"4":[0,0],"5":[0,2],"6":[2,0]},"meta":{"lastBranch":7,"lastFunction":12,"lastStatement":30,"seen":{"s:7:18:206:Infinity":0,"f:7:18:7:19":0,"s:8:53:8:Infinity":1,"s:9:35:9:Infinity":2,"s:10:49:10:Infinity":3,"s:12:18:16:Infinity":4,"f:13:16:13:17":1,"s:13:30:13:109":5,"b:13:30:13:66:13:66:13:109":0,"f:14:16:14:17":2,"s:15:12:15:Infinity":6,"b:15:36:15:83:15:83:15:Infinity":1,"f:15:52:15:53":3,"s:15:59:15:79":7,"s:18:22:32:Infinity":8,"f:18:22:18:23":4,"s:19:20:19:Infinity":9,"s:20:2:20:Infinity":10,"b:22:2:31:Infinity:24:9:31:Infinity":2,"s:22:2:31:Infinity":11,"s:23:3:23:Infinity":12,"s:25:26:29:Infinity":13,"f:25:43:25:44":5,"b:26:4:28:Infinity:undefined:undefined:undefined:undefined":3,"s:26:4:28:Infinity":14,"s:27:5:27:Infinity":15,"s:30:3:30:Infinity":16,"s:34:19:45:Infinity":17,"f:34:19:34:20":6,"s:35:2:35:Infinity":18,"s:36:2:36:Infinity":19,"s:38:18:42:Infinity":20,"f:38:33:38:34":7,"b:39:3:41:Infinity:undefined:undefined:undefined:undefined":4,"s:39:3:41:Infinity":21,"s:40:4:40:Infinity":22,"s:44:2:44:Infinity":23,"s:47:20:49:Infinity":24,"f:47:20:47:26":8,"s:48:2:48:Infinity":25,"s:51:1:204:Infinity":26,"b:171:24:173:Infinity:175:24:198:Infinity":5,"f:175:34:175:35":9,"s:176:6:196:Infinity":27,"f:178:47:178:48":10,"s:178:54:178:Infinity":28,"f:183:50:183:51":11,"s:183:57:183:Infinity":29,"b:203:4:203:19:203:19:203:Infinity":6}}}
}
